# JRE version: OpenJDK Runtime Environment (8.0_45-b14) (build 1.8.0_45-internal-b14)
# Java VM: OpenJDK 64-Bit Server VM (25.45-b02 mixed mode linux-amd64 compressed oops)
Heap:
 PSYoungGen      total 199168K, used 103104K [0x00000000e1c00000, 0x00000000f2580000, 0x0000000100000000)
  eden space 188928K, 54% used [0x00000000e1c00000,0x00000000e7fb60f0,0x00000000ed480000)
  from space 10240K, 9% used [0x00000000ed480000,0x00000000ed57a118,0x00000000ede80000)
  to   space 10240K, 0% used [0x00000000f1b80000,0x00000000f1b80000,0x00000000f2580000)
 ParOldGen       total 55296K, used 16466K [0x00000000a5400000, 0x00000000a8a00000, 0x00000000e1c00000)
  object space 55296K, 29% used [0x00000000a5400000,0x00000000a64149c0,0x00000000a8a00000)
 Metaspace       used 40665K, capacity 41278K, committed 41688K, reserved 1085440K
  class space    used 4618K, capacity 4757K, committed 4864K, reserved 1048576K
GC Heap History (10 events):
Event: 23,809 GC heap before
{Heap before GC invocations=9 (full 2):
 PSYoungGen      total 88064K, used 8163K [0x00000000e1c00000, 0x00000000ec180000, 0x0000000100000000)
  eden space 79872K, 0% used [0x00000000e1c00000,0x00000000e1c00000,0x00000000e6a00000)
  from space 8192K, 99% used [0x00000000e6a00000,0x00000000e71f8f48,0x00000000e7200000)
  to   space 10752K, 0% used [0x00000000eb700000,0x00000000eb700000,0x00000000ec180000)
 ParOldGen       total 39424K, used 8090K [0x00000000a5400000, 0x00000000a7a80000, 0x00000000e1c00000)
  object space 39424K, 20% used [0x00000000a5400000,0x00000000a5be6ba0,0x00000000a7a80000)
 Metaspace       used 34838K, capacity 35156K, committed 35416K, reserved 1081344K
  class space    used 4094K, capacity 4188K, committed 4224K, reserved 1048576K
Event: 23,931 GC heap after
Heap after GC invocations=9 (full 2):
 PSYoungGen      total 88064K, used 0K [0x00000000e1c00000, 0x00000000ec180000, 0x0000000100000000)
  eden space 79872K, 0% used [0x00000000e1c00000,0x00000000e1c00000,0x00000000e6a00000)
  from space 8192K, 0% used [0x00000000e6a00000,0x00000000e6a00000,0x00000000e7200000)
  to   space 10752K, 0% used [0x00000000eb700000,0x00000000eb700000,0x00000000ec180000)
 ParOldGen       total 55296K, used 13994K [0x00000000a5400000, 0x00000000a8a00000, 0x00000000e1c00000)
  object space 55296K, 25% used [0x00000000a5400000,0x00000000a61aab10,0x00000000a8a00000)
 Metaspace       used 34838K, capacity 35156K, committed 35416K, reserved 1081344K
  class space    used 4094K, capacity 4188K, committed 4224K, reserved 1048576K
}
Event: 47,418 GC heap before
{Heap before GC invocations=10 (full 2):
 PSYoungGen      total 88064K, used 79872K [0x00000000e1c00000, 0x00000000ec180000, 0x0000000100000000)
  eden space 79872K, 100% used [0x00000000e1c00000,0x00000000e6a00000,0x00000000e6a00000)
  from space 8192K, 0% used [0x00000000e6a00000,0x00000000e6a00000,0x00000000e7200000)
  to   space 10752K, 0% used [0x00000000eb700000,0x00000000eb700000,0x00000000ec180000)
 ParOldGen       total 55296K, used 13994K [0x00000000a5400000, 0x00000000a8a00000, 0x00000000e1c00000)
  object space 55296K, 25% used [0x00000000a5400000,0x00000000a61aab10,0x00000000a8a00000)
 Metaspace       used 38002K, capacity 38370K, committed 38744K, reserved 1083392K
  class space    used 4504K, capacity 4617K, committed 4736K, reserved 1048576K
Event: 47,456 GC heap after
Heap after GC invocations=10 (full 2):
 PSYoungGen      total 138752K, used 2134K [0x00000000e1c00000, 0x00000000eb980000, 0x0000000100000000)
  eden space 136192K, 0% used [0x00000000e1c00000,0x00000000e1c00000,0x00000000ea100000)
  from space 2560K, 83% used [0x00000000eb700000,0x00000000eb915950,0x00000000eb980000)
  to   space 10752K, 0% used [0x00000000ea480000,0x00000000ea480000,0x00000000eaf00000)
 ParOldGen       total 55296K, used 14002K [0x00000000a5400000, 0x00000000a8a00000, 0x00000000e1c00000)
  object space 55296K, 25% used [0x00000000a5400000,0x00000000a61acb10,0x00000000a8a00000)
 Metaspace       used 38002K, capacity 38370K, committed 38744K, reserved 1083392K
  class space    used 4504K, capacity 4617K, committed 4736K, reserved 1048576K
}
Event: 85,976 GC heap before
{Heap before GC invocations=11 (full 2):
 PSYoungGen      total 138752K, used 138326K [0x00000000e1c00000, 0x00000000eb980000, 0x0000000100000000)
  eden space 136192K, 100% used [0x00000000e1c00000,0x00000000ea100000,0x00000000ea100000)
  from space 2560K, 83% used [0x00000000eb700000,0x00000000eb915950,0x00000000eb980000)
  to   space 10752K, 0% used [0x00000000ea480000,0x00000000ea480000,0x00000000eaf00000)
 ParOldGen       total 55296K, used 14002K [0x00000000a5400000, 0x00000000a8a00000, 0x00000000e1c00000)
  object space 55296K, 25% used [0x00000000a5400000,0x00000000a61acb10,0x00000000a8a00000)
 Metaspace       used 39253K, capacity 39712K, committed 40024K, reserved 1085440K
  class space    used 4567K, capacity 4698K, committed 4736K, reserved 1048576K
Event: 86,020 GC heap after
Heap after GC invocations=11 (full 2):
 PSYoungGen      total 150528K, used 2726K [0x00000000e1c00000, 0x00000000ee880000, 0x0000000100000000)
  eden space 139776K, 0% used [0x00000000e1c00000,0x00000000e1c00000,0x00000000ea480000)
  from space 10752K, 25% used [0x00000000ea480000,0x00000000ea729960,0x00000000eaf00000)
  to   space 10240K, 0% used [0x00000000ede80000,0x00000000ede80000,0x00000000ee880000)
 ParOldGen       total 55296K, used 14010K [0x00000000a5400000, 0x00000000a8a00000, 0x00000000e1c00000)
  object space 55296K, 25% used [0x00000000a5400000,0x00000000a61aeb10,0x00000000a8a00000)
 Metaspace       used 39253K, capacity 39712K, committed 40024K, reserved 1085440K
  class space    used 4567K, capacity 4698K, committed 4736K, reserved 1048576K
}
Event: 94,317 GC heap before
{Heap before GC invocations=12 (full 2):
 PSYoungGen      total 150528K, used 142502K [0x00000000e1c00000, 0x00000000ee880000, 0x0000000100000000)
  eden space 139776K, 100% used [0x00000000e1c00000,0x00000000ea480000,0x00000000ea480000)
  from space 10752K, 25% used [0x00000000ea480000,0x00000000ea729960,0x00000000eaf00000)
  to   space 10240K, 0% used [0x00000000ede80000,0x00000000ede80000,0x00000000ee880000)
 ParOldGen       total 55296K, used 14010K [0x00000000a5400000, 0x00000000a8a00000, 0x00000000e1c00000)
  object space 55296K, 25% used [0x00000000a5400000,0x00000000a61aeb10,0x00000000a8a00000)
 Metaspace       used 39847K, capacity 40334K, committed 40792K, reserved 1085440K
  class space    used 4581K, capacity 4715K, committed 4736K, reserved 1048576K
Event: 94,376 GC heap after
Heap after GC invocations=12 (full 2):
 PSYoungGen      total 199168K, used 1973K [0x00000000e1c00000, 0x00000000eea00000, 0x0000000100000000)
  eden space 188928K, 0% used [0x00000000e1c00000,0x00000000e1c00000,0x00000000ed480000)
  from space 10240K, 19% used [0x00000000ede80000,0x00000000ee06d610,0x00000000ee880000)
  to   space 10240K, 0% used [0x00000000ed480000,0x00000000ed480000,0x00000000ede80000)
 ParOldGen       total 55296K, used 15582K [0x00000000a5400000, 0x00000000a8a00000, 0x00000000e1c00000)
  object space 55296K, 28% used [0x00000000a5400000,0x00000000a6337940,0x00000000a8a00000)
 Metaspace       used 39847K, capacity 40334K, committed 40792K, reserved 1085440K
  class space    used 4581K, capacity 4715K, committed 4736K, reserved 1048576K
}
Event: 103,624 GC heap before
{Heap before GC invocations=13 (full 2):
 PSYoungGen      total 199168K, used 190901K [0x00000000e1c00000, 0x00000000eea00000, 0x0000000100000000)
  eden space 188928K, 100% used [0x00000000e1c00000,0x00000000ed480000,0x00000000ed480000)
  from space 10240K, 19% used [0x00000000ede80000,0x00000000ee06d610,0x00000000ee880000)
  to   space 10240K, 0% used [0x00000000ed480000,0x00000000ed480000,0x00000000ede80000)
 ParOldGen       total 55296K, used 15582K [0x00000000a5400000, 0x00000000a8a00000, 0x00000000e1c00000)
  object space 55296K, 28% used [0x00000000a5400000,0x00000000a6337940,0x00000000a8a00000)
 Metaspace       used 40320K, capacity 40918K, committed 41432K, reserved 1085440K
  class space    used 4601K, capacity 4741K, committed 4864K, reserved 1048576K
Event: 103,655 GC heap after
Heap after GC invocations=13 (full 2):
 PSYoungGen      total 199168K, used 1000K [0x00000000e1c00000, 0x00000000f2580000, 0x0000000100000000)
  eden space 188928K, 0% used [0x00000000e1c00000,0x00000000e1c00000,0x00000000ed480000)
  from space 10240K, 9% used [0x00000000ed480000,0x00000000ed57a118,0x00000000ede80000)
  to   space 10240K, 0% used [0x00000000f1b80000,0x00000000f1b80000,0x00000000f2580000)
 ParOldGen       total 55296K, used 16466K [0x00000000a5400000, 0x00000000a8a00000, 0x00000000e1c00000)
  object space 55296K, 29% used [0x00000000a5400000,0x00000000a64149c0,0x00000000a8a00000)
 Metaspace       used 40320K, capacity 40918K, committed 41432K, reserved 1085440K
  class space    used 4601K, capacity 4741K, committed 4864K, reserved 1048576K
}

